This is pdfTeX, Version 3.14159265-2.6-1.40.20 (TeX Live 2019/Debian) (preloaded format=pdflatex 2020.7.17)  5 OCT 2020 13:09
entering extended mode
 restricted \write18 enabled.
 file:line:error style messages enabled.
 %&-line parsing enabled.
**Матанчек.tex
(./Матанчек.tex
LaTeX2e <2020-02-02> patch level 2
L3 programming layer <2020-02-14>

./Матанчек.tex:1: LaTeX Error: Missing \begin{document}.

See the LaTeX manual or LaTeX Companion for explanation.
Type  H <return>  for immediate help.
 ...                                              
                                                  
l.1 {b
      ook}
You're in trouble here.  Try typing  <return>  to proceed.
If that doesn't work, type  X <return>  to quit.

Missing character: There is no b in font nullfont!
Missing character: There is no o in font nullfont!
Missing character: There is no o in font nullfont!
Missing character: There is no k in font nullfont!

./Матанчек.tex:6: LaTeX Error: \usepackage before \documentclass.

See the LaTeX manual or LaTeX Companion for explanation.
Type  H <return>  for immediate help.
 ...                                              
                                                  
l.6 \usepackage[utf8]{
                      inputenc}
\usepackage may only appear in the document preamble, i.e.,
between \documentclass and \begin{document}.


./Матанчек.tex:7: LaTeX Error: \usepackage before \documentclass.

See the LaTeX manual or LaTeX Companion for explanation.
Type  H <return>  for immediate help.
 ...                                              
                                                  
l.7 \usepackage[T2A]{
                     fontenc}
\usepackage may only appear in the document preamble, i.e.,
between \documentclass and \begin{document}.


./Матанчек.tex:8: LaTeX Error: \usepackage before \documentclass.

See the LaTeX manual or LaTeX Companion for explanation.
Type  H <return>  for immediate help.
 ...                                              
                                                  
l.8 \usepackage[english,russian]{
                                 babel}
\usepackage may only appear in the document preamble, i.e.,
between \documentclass and \begin{document}.


./Матанчек.tex:10: LaTeX Error: \usepackage before \documentclass.

See the LaTeX manual or LaTeX Companion for explanation.
Type  H <return>  for immediate help.
 ...                                              
                                                  
l.10 \usepackage{
                 textcomp}
\usepackage may only appear in the document preamble, i.e.,
between \documentclass and \begin{document}.


./Матанчек.tex:11: LaTeX Error: \usepackage before \documentclass.

See the LaTeX manual or LaTeX Companion for explanation.
Type  H <return>  for immediate help.
 ...                                              
                                                  
l.11 \usepackage{
                 stmaryrd}
\usepackage may only appear in the document preamble, i.e.,
between \documentclass and \begin{document}.


./Матанчек.tex:13: LaTeX Error: \usepackage before \documentclass.

See the LaTeX manual or LaTeX Companion for explanation.
Type  H <return>  for immediate help.
 ...                                              
                                                  
l.13 \usepackage{
                 amsmath, amssymb, amsthm, amsfonts, mathrsfs, dsfont, matht...
\usepackage may only appear in the document preamble, i.e.,
between \documentclass and \begin{document}.


./Матанчек.tex:14: LaTeX Error: \usepackage before \documentclass.

See the LaTeX manual or LaTeX Companion for explanation.
Type  H <return>  for immediate help.
 ...                                              
                                                  
l.14 \usepackage[bb=boondox]{
                             mathalfa}
\usepackage may only appear in the document preamble, i.e.,
between \documentclass and \begin{document}.


./Матанчек.tex:15: LaTeX Error: \usepackage before \documentclass.

See the LaTeX manual or LaTeX Companion for explanation.
Type  H <return>  for immediate help.
 ...                                              
                                                  
l.15 \usepackage{
                 cancel}
\usepackage may only appear in the document preamble, i.e.,
between \documentclass and \begin{document}.


./Матанчек.tex:17: LaTeX Error: \usepackage before \documentclass.

See the LaTeX manual or LaTeX Companion for explanation.
Type  H <return>  for immediate help.
 ...                                              
                                                  
l.17 \usepackage{
                 bm}
\usepackage may only appear in the document preamble, i.e.,
between \documentclass and \begin{document}.


Overfull \hbox (20.0pt too wide) in paragraph at lines 1--22
[]
 []


./Матанчек.tex:26: LaTeX Error: \usepackage before \documentclass.

See the LaTeX manual or LaTeX Companion for explanation.
Type  H <return>  for immediate help.
 ...                                              
                                                  
l.26 \usepackage{
                 url}
\usepackage may only appear in the document preamble, i.e.,
between \documentclass and \begin{document}.


./Матанчек.tex:28: LaTeX Error: \usepackage before \documentclass.

See the LaTeX manual or LaTeX Companion for explanation.
Type  H <return>  for immediate help.
 ...                                              
                                                  
l.28 \usepackage{
                 booktabs}
\usepackage may only appear in the document preamble, i.e.,
between \documentclass and \begin{document}.


./Матанчек.tex:29: LaTeX Error: \usepackage before \documentclass.

See the LaTeX manual or LaTeX Companion for explanation.
Type  H <return>  for immediate help.
 ...                                              
                                                  
l.29 \usepackage{
                 enumitem}
\usepackage may only appear in the document preamble, i.e.,
between \documentclass and \begin{document}.


./Матанчек.tex:31: LaTeX Error: \usepackage before \documentclass.

See the LaTeX manual or LaTeX Companion for explanation.
Type  H <return>  for immediate help.
 ...                                              
                                                  
l.31 \usepackage{
                 parskip}
\usepackage may only appear in the document preamble, i.e.,
between \documentclass and \begin{document}.


./Матанчек.tex:33: LaTeX Error: \usepackage before \documentclass.

See the LaTeX manual or LaTeX Companion for explanation.
Type  H <return>  for immediate help.
 ...                                              
                                                  
l.33 \usepackage{
                 emptypage}
\usepackage may only appear in the document preamble, i.e.,
between \documentclass and \begin{document}.


./Матанчек.tex:34: LaTeX Error: \usepackage before \documentclass.

See the LaTeX manual or LaTeX Companion for explanation.
Type  H <return>  for immediate help.
 ...                                              
                                                  
l.34 \usepackage{
                 subcaption}
\usepackage may only appear in the document preamble, i.e.,
between \documentclass and \begin{document}.


./Матанчек.tex:35: LaTeX Error: \usepackage before \documentclass.

See the LaTeX manual or LaTeX Companion for explanation.
Type  H <return>  for immediate help.
 ...                                              
                                                  
l.35 \usepackage{
                 multicol}
\usepackage may only appear in the document preamble, i.e.,
between \documentclass and \begin{document}.


./Матанчек.tex:36: LaTeX Error: \usepackage before \documentclass.

See the LaTeX manual or LaTeX Companion for explanation.
Type  H <return>  for immediate help.
 ...                                              
                                                  
l.36 \usepackage{
                 xcolor}
\usepackage may only appear in the document preamble, i.e.,
between \documentclass and \begin{document}.


./Матанчек.tex:43: LaTeX Error: Command \C undefined.

See the LaTeX manual or LaTeX Companion for explanation.
Type  H <return>  for immediate help.
 ...                                              
                                                  
l.43 \renewcommand\C
                    {\ensuremath{\mathbb{C}}}
Try typing  <return>  to proceed.
If that doesn't work, type  X <return>  to quit.


./Матанчек.tex:50: LaTeX Error: \usepackage before \documentclass.

See the LaTeX manual or LaTeX Companion for explanation.
Type  H <return>  for immediate help.
 ...                                              
                                                  
l.50 \usepackage{
                 systeme}
\usepackage may only appear in the document preamble, i.e.,
between \documentclass and \begin{document}.


./Матанчек.tex:51: LaTeX Error: \usepackage before \documentclass.

See the LaTeX manual or LaTeX Companion for explanation.
Type  H <return>  for immediate help.
 ...                                              
                                                  
l.51 \usepackage{
                 lipsum}
\usepackage may only appear in the document preamble, i.e.,
between \documentclass and \begin{document}.

./Матанчек.tex:57: Undefined control sequence.
l.57 \definecolor
                 {correct}{HTML}{009900}
The control sequence at the end of the top line
of your error message was never \def'ed. If you have
misspelled it (e.g., `\hobx'), type `I' and the correct
spelling (e.g., `I\hbox'). Otherwise just continue,
and I'll forget about whatever was undefined.


./Матанчек.tex:57: LaTeX Error: Missing \begin{document}.

See the LaTeX manual or LaTeX Companion for explanation.
Type  H <return>  for immediate help.
 ...                                              
                                                  
l.57 \definecolor{c
                   orrect}{HTML}{009900}
You're in trouble here.  Try typing  <return>  to proceed.
If that doesn't work, type  X <return>  to quit.

Missing character: There is no c in font nullfont!
Missing character: There is no o in font nullfont!
Missing character: There is no r in font nullfont!
Missing character: There is no r in font nullfont!
Missing character: There is no e in font nullfont!
Missing character: There is no c in font nullfont!
Missing character: There is no t in font nullfont!
Missing character: There is no H in font nullfont!
Missing character: There is no T in font nullfont!
Missing character: There is no M in font nullfont!
Missing character: There is no L in font nullfont!
Missing character: There is no 0 in font nullfont!
Missing character: There is no 0 in font nullfont!
Missing character: There is no 9 in font nullfont!
Missing character: There is no 9 in font nullfont!
Missing character: There is no 0 in font nullfont!
Missing character: There is no 0 in font nullfont!

./Матанчек.tex:63: LaTeX Error: \usepackage before \documentclass.

See the LaTeX manual or LaTeX Companion for explanation.
Type  H <return>  for immediate help.
 ...                                              
                                                  
l.63 \usepackage{
                 siunitx}
\usepackage may only appear in the document preamble, i.e.,
between \documentclass and \begin{document}.

./Матанчек.tex:64: Undefined control sequence.
l.64 \sisetup
             {locale = FR}
The control sequence at the end of the top line
of your error message was never \def'ed. If you have
misspelled it (e.g., `\hobx'), type `I' and the correct
spelling (e.g., `I\hbox'). Otherwise just continue,
and I'll forget about whatever was undefined.

Missing character: There is no l in font nullfont!
Missing character: There is no o in font nullfont!
Missing character: There is no c in font nullfont!
Missing character: There is no a in font nullfont!
Missing character: There is no l in font nullfont!
Missing character: There is no e in font nullfont!
Missing character: There is no = in font nullfont!
Missing character: There is no F in font nullfont!
Missing character: There is no R in font nullfont!

./Матанчек.tex:67: LaTeX Error: \usepackage before \documentclass.

See the LaTeX manual or LaTeX Companion for explanation.
Type  H <return>  for immediate help.
 ...                                              
                                                  
l.67 \usepackage{
                 mdframed}
\usepackage may only appear in the document preamble, i.e.,
between \documentclass and \begin{document}.

./Матанчек.tex:68: Undefined control sequence.
l.68 \mdfsetup
              {skipabove=1em,skipbelow=0em}
The control sequence at the end of the top line
of your error message was never \def'ed. If you have
misspelled it (e.g., `\hobx'), type `I' and the correct
spelling (e.g., `I\hbox'). Otherwise just continue,
and I'll forget about whatever was undefined.

Missing character: There is no s in font nullfont!
Missing character: There is no k in font nullfont!
Missing character: There is no i in font nullfont!
Missing character: There is no p in font nullfont!
Missing character: There is no a in font nullfont!
Missing character: There is no b in font nullfont!
Missing character: There is no o in font nullfont!
Missing character: There is no v in font nullfont!
Missing character: There is no e in font nullfont!
Missing character: There is no = in font nullfont!
Missing character: There is no 1 in font nullfont!
Missing character: There is no e in font nullfont!
Missing character: There is no m in font nullfont!
Missing character: There is no , in font nullfont!
Missing character: There is no s in font nullfont!
Missing character: There is no k in font nullfont!
Missing character: There is no i in font nullfont!
Missing character: There is no p in font nullfont!
Missing character: There is no b in font nullfont!
Missing character: There is no e in font nullfont!
Missing character: There is no l in font nullfont!
Missing character: There is no o in font nullfont!
Missing character: There is no w in font nullfont!
Missing character: There is no = in font nullfont!
Missing character: There is no 0 in font nullfont!
Missing character: There is no e in font nullfont!
Missing character: There is no m in font nullfont!
./Матанчек.tex:69: Undefined control sequence.
l.69 \theoremstyle
                  {definition}
The control sequence at the end of the top line
of your error message was never \def'ed. If you have
misspelled it (e.g., `\hobx'), type `I' and the correct
spelling (e.g., `I\hbox'). Otherwise just continue,
and I'll forget about whatever was undefined.

Missing character: There is no d in font nullfont!
Missing character: There is no e in font nullfont!
Missing character: There is no f in font nullfont!
Missing character: There is no i in font nullfont!
Missing character: There is no n in font nullfont!
Missing character: There is no i in font nullfont!
Missing character: There is no t in font nullfont!
Missing character: There is no i in font nullfont!
Missing character: There is no o in font nullfont!
Missing character: There is no n in font nullfont!
./Матанчек.tex:70: Undefined control sequence.
l.70 \newmdtheoremenv
                     [nobreak=true]{definition}{Определение}
The control sequence at the end of the top line
of your error message was never \def'ed. If you have
misspelled it (e.g., `\hobx'), type `I' and the correct
spelling (e.g., `I\hbox'). Otherwise just continue,
and I'll forget about whatever was undefined.

Missing character: There is no [ in font nullfont!
Missing character: There is no n in font nullfont!
Missing character: There is no o in font nullfont!
Missing character: There is no b in font nullfont!
Missing character: There is no r in font nullfont!
Missing character: There is no e in font nullfont!
Missing character: There is no a in font nullfont!
Missing character: There is no k in font nullfont!
Missing character: There is no = in font nullfont!
Missing character: There is no t in font nullfont!
Missing character: There is no r in font nullfont!
Missing character: There is no u in font nullfont!
Missing character: There is no e in font nullfont!
Missing character: There is no ] in font nullfont!
Missing character: There is no d in font nullfont!
Missing character: There is no e in font nullfont!
Missing character: There is no f in font nullfont!
Missing character: There is no i in font nullfont!
Missing character: There is no n in font nullfont!
Missing character: There is no i in font nullfont!
Missing character: There is no t in font nullfont!
Missing character: There is no i in font nullfont!
Missing character: There is no o in font nullfont!
Missing character: There is no n in font nullfont!

./Матанчек.tex:70: Package inputenc Error: Unicode character О (U+041E)
(inputenc)                not set up for use with LaTeX.

See the inputenc package documentation for explanation.
Type  H <return>  for immediate help.
 ...                                              
                                                  
l.70 \newmdtheoremenv[nobreak=true]{definition}{О
                                                  пределение}
You may provide a definition with
\DeclareUnicodeCharacter 


./Матанчек.tex:70: Package inputenc Error: Unicode character п (U+043F)
(inputenc)                not set up for use with LaTeX.

See the inputenc package documentation for explanation.
Type  H <return>  for immediate help.
 ...                                              
                                                  
l.70 ...dtheoremenv[nobreak=true]{definition}{Оп
                                                  ределение}
You may provide a definition with
\DeclareUnicodeCharacter 


./Матанчек.tex:70: Package inputenc Error: Unicode character р (U+0440)
(inputenc)                not set up for use with LaTeX.

See the inputenc package documentation for explanation.
Type  H <return>  for immediate help.
 ...                                              
                                                  
l.70 ...heoremenv[nobreak=true]{definition}{Опр
                                                  еделение}
You may provide a definition with
\DeclareUnicodeCharacter 


./Матанчек.tex:70: Package inputenc Error: Unicode character е (U+0435)
(inputenc)                not set up for use with LaTeX.

See the inputenc package documentation for explanation.
Type  H <return>  for immediate help.
 ...                                              
                                                  
l.70 ...oremenv[nobreak=true]{definition}{Опре
                                                  деление}
You may provide a definition with
\DeclareUnicodeCharacter 


./Матанчек.tex:70: Package inputenc Error: Unicode character д (U+0434)
(inputenc)                not set up for use with LaTeX.

See the inputenc package documentation for explanation.
Type  H <return>  for immediate help.
 ...                                              
                                                  
l.70 ...emenv[nobreak=true]{definition}{Опред
                                                  еление}
You may provide a definition with
\DeclareUnicodeCharacter 


./Матанчек.tex:70: Package inputenc Error: Unicode character е (U+0435)
(inputenc)                not set up for use with LaTeX.

See the inputenc package documentation for explanation.
Type  H <return>  for immediate help.
 ...                                              
                                                  
l.70 ...env[nobreak=true]{definition}{Опреде
                                                  ление}
You may provide a definition with
\DeclareUnicodeCharacter 


./Матанчек.tex:70: Package inputenc Error: Unicode character л (U+043B)
(inputenc)                not set up for use with LaTeX.

See the inputenc package documentation for explanation.
Type  H <return>  for immediate help.
 ...                                              
                                                  
l.70 ...v[nobreak=true]{definition}{Определ
                                                  ение}
You may provide a definition with
\DeclareUnicodeCharacter 


./Матанчек.tex:70: Package inputenc Error: Unicode character е (U+0435)
(inputenc)                not set up for use with LaTeX.

See the inputenc package documentation for explanation.
Type  H <return>  for immediate help.
 ...                                              
                                                  
l.70 ...nobreak=true]{definition}{Определе
                                                  ние}
You may provide a definition with
\DeclareUnicodeCharacter 


./Матанчек.tex:70: Package inputenc Error: Unicode character н (U+043D)
(inputenc)                not set up for use with LaTeX.

See the inputenc package documentation for explanation.
Type  H <return>  for immediate help.
 ...                                              
                                                  
l.70 ...break=true]{definition}{Определен
                                                  ие}
You may provide a definition with
\DeclareUnicodeCharacter 


./Матанчек.tex:70: Package inputenc Error: Unicode character и (U+0438)
(inputenc)                not set up for use with LaTeX.

See the inputenc package documentation for explanation.
Type  H <return>  for immediate help.
 ...                                              
                                                  
l.70 ...eak=true]{definition}{Определени
                                                  е}
You may provide a definition with
\DeclareUnicodeCharacter 


./Матанчек.tex:70: Package inputenc Error: Unicode character е (U+0435)
(inputenc)                not set up for use with LaTeX.

See the inputenc package documentation for explanation.
Type  H <return>  for immediate help.
 ...                                              
                                                  
l.70 ...k=true]{definition}{Определение
                                                  }
You may provide a definition with
\DeclareUnicodeCharacter 

./Матанчек.tex:71: Undefined control sequence.
l.71 \newmdtheoremenv
                     [nobreak=true]{theorem}{Теорема}
The control sequence at the end of the top line
of your error message was never \def'ed. If you have
misspelled it (e.g., `\hobx'), type `I' and the correct
spelling (e.g., `I\hbox'). Otherwise just continue,
and I'll forget about whatever was undefined.

Missing character: There is no [ in font nullfont!
Missing character: There is no n in font nullfont!
Missing character: There is no o in font nullfont!
Missing character: There is no b in font nullfont!
Missing character: There is no r in font nullfont!
Missing character: There is no e in font nullfont!
Missing character: There is no a in font nullfont!
Missing character: There is no k in font nullfont!
Missing character: There is no = in font nullfont!
Missing character: There is no t in font nullfont!
Missing character: There is no r in font nullfont!
Missing character: There is no u in font nullfont!
Missing character: There is no e in font nullfont!
Missing character: There is no ] in font nullfont!
Missing character: There is no t in font nullfont!
Missing character: There is no h in font nullfont!
Missing character: There is no e in font nullfont!
Missing character: There is no o in font nullfont!
Missing character: There is no r in font nullfont!
Missing character: There is no e in font nullfont!
Missing character: There is no m in font nullfont!

./Матанчек.tex:71: Package inputenc Error: Unicode character Т (U+0422)
(inputenc)                not set up for use with LaTeX.

See the inputenc package documentation for explanation.
Type  H <return>  for immediate help.
 ...                                              
                                                  
l.71 \newmdtheoremenv[nobreak=true]{theorem}{Т
                                               еорема}
You may provide a definition with
\DeclareUnicodeCharacter 


./Матанчек.tex:71: Package inputenc Error: Unicode character е (U+0435)
(inputenc)                not set up for use with LaTeX.

See the inputenc package documentation for explanation.
Type  H <return>  for immediate help.
 ...                                              
                                                  
l.71 \newmdtheoremenv[nobreak=true]{theorem}{Те
                                                 орема}
You may provide a definition with
\DeclareUnicodeCharacter 


./Матанчек.tex:71: Package inputenc Error: Unicode character о (U+043E)
(inputenc)                not set up for use with LaTeX.

See the inputenc package documentation for explanation.
Type  H <return>  for immediate help.
 ...                                              
                                                  
l.71 ...mdtheoremenv[nobreak=true]{theorem}{Тео
                                                  рема}
You may provide a definition with
\DeclareUnicodeCharacter 


./Матанчек.tex:71: Package inputenc Error: Unicode character р (U+0440)
(inputenc)                not set up for use with LaTeX.

See the inputenc package documentation for explanation.
Type  H <return>  for immediate help.
 ...                                              
                                                  
l.71 ...theoremenv[nobreak=true]{theorem}{Теор
                                                  ема}
You may provide a definition with
\DeclareUnicodeCharacter 


./Матанчек.tex:71: Package inputenc Error: Unicode character е (U+0435)
(inputenc)                not set up for use with LaTeX.

See the inputenc package documentation for explanation.
Type  H <return>  for immediate help.
 ...                                              
                                                  
l.71 ...eoremenv[nobreak=true]{theorem}{Теоре
                                                  ма}
You may provide a definition with
\DeclareUnicodeCharacter 


./Матанчек.tex:71: Package inputenc Error: Unicode character м (U+043C)
(inputenc)                not set up for use with LaTeX.

See the inputenc package documentation for explanation.
Type  H <return>  for immediate help.
 ...                                              
                                                  
l.71 ...remenv[nobreak=true]{theorem}{Теорем
                                                  а}
You may provide a definition with
\DeclareUnicodeCharacter 


./Матанчек.tex:71: Package inputenc Error: Unicode character а (U+0430)
(inputenc)                not set up for use with LaTeX.

See the inputenc package documentation for explanation.
Type  H <return>  for immediate help.
 ...                                              
                                                  
l.71 ...menv[nobreak=true]{theorem}{Теорема
                                                  }
You may provide a definition with
\DeclareUnicodeCharacter 

./Матанчек.tex:72: Undefined control sequence.
l.72 \newmdtheoremenv
                     [nobreak=true]{lemma}{Лемма}
The control sequence at the end of the top line
of your error message was never \def'ed. If you have
misspelled it (e.g., `\hobx'), type `I' and the correct
spelling (e.g., `I\hbox'). Otherwise just continue,
and I'll forget about whatever was undefined.

Missing character: There is no [ in font nullfont!
Missing character: There is no n in font nullfont!
Missing character: There is no o in font nullfont!
Missing character: There is no b in font nullfont!
Missing character: There is no r in font nullfont!
Missing character: There is no e in font nullfont!
Missing character: There is no a in font nullfont!
Missing character: There is no k in font nullfont!
Missing character: There is no = in font nullfont!
Missing character: There is no t in font nullfont!
Missing character: There is no r in font nullfont!
Missing character: There is no u in font nullfont!
Missing character: There is no e in font nullfont!
Missing character: There is no ] in font nullfont!
Missing character: There is no l in font nullfont!
Missing character: There is no e in font nullfont!
Missing character: There is no m in font nullfont!
Missing character: There is no m in font nullfont!
Missing character: There is no a in font nullfont!

./Матанчек.tex:72: Package inputenc Error: Unicode character Л (U+041B)
(inputenc)                not set up for use with LaTeX.

See the inputenc package documentation for explanation.
Type  H <return>  for immediate help.
 ...                                              
                                                  
l.72 \newmdtheoremenv[nobreak=true]{lemma}{Л
                                             емма}
You may provide a definition with
\DeclareUnicodeCharacter 


./Матанчек.tex:72: Package inputenc Error: Unicode character е (U+0435)
(inputenc)                not set up for use with LaTeX.

See the inputenc package documentation for explanation.
Type  H <return>  for immediate help.
 ...                                              
                                                  
l.72 \newmdtheoremenv[nobreak=true]{lemma}{Ле
                                               мма}
You may provide a definition with
\DeclareUnicodeCharacter 


./Матанчек.tex:72: Package inputenc Error: Unicode character м (U+043C)
(inputenc)                not set up for use with LaTeX.

See the inputenc package documentation for explanation.
Type  H <return>  for immediate help.
 ...                                              
                                                  
l.72 \newmdtheoremenv[nobreak=true]{lemma}{Лем
                                                 ма}
You may provide a definition with
\DeclareUnicodeCharacter 


./Матанчек.tex:72: Package inputenc Error: Unicode character м (U+043C)
(inputenc)                not set up for use with LaTeX.

See the inputenc package documentation for explanation.
Type  H <return>  for immediate help.
 ...                                              
                                                  
l.72 ...mdtheoremenv[nobreak=true]{lemma}{Лемм
                                                  а}
You may provide a definition with
\DeclareUnicodeCharacter 


./Матанчек.tex:72: Package inputenc Error: Unicode character а (U+0430)
(inputenc)                not set up for use with LaTeX.

See the inputenc package documentation for explanation.
Type  H <return>  for immediate help.
 ...                                              
                                                  
l.72 ...theoremenv[nobreak=true]{lemma}{Лемма
                                                  }
You may provide a definition with
\DeclareUnicodeCharacter 

./Матанчек.tex:73: Undefined control sequence.
l.73 \newmdtheoremenv
                     [nobreak=true]{problem}{Задача}
The control sequence at the end of the top line
of your error message was never \def'ed. If you have
misspelled it (e.g., `\hobx'), type `I' and the correct
spelling (e.g., `I\hbox'). Otherwise just continue,
and I'll forget about whatever was undefined.

Missing character: There is no [ in font nullfont!
Missing character: There is no n in font nullfont!
Missing character: There is no o in font nullfont!
Missing character: There is no b in font nullfont!
Missing character: There is no r in font nullfont!
Missing character: There is no e in font nullfont!
Missing character: There is no a in font nullfont!
Missing character: There is no k in font nullfont!
Missing character: There is no = in font nullfont!
Missing character: There is no t in font nullfont!
Missing character: There is no r in font nullfont!
Missing character: There is no u in font nullfont!
Missing character: There is no e in font nullfont!
Missing character: There is no ] in font nullfont!
Missing character: There is no p in font nullfont!
Missing character: There is no r in font nullfont!
Missing character: There is no o in font nullfont!
Missing character: There is no b in font nullfont!
Missing character: There is no l in font nullfont!
Missing character: There is no e in font nullfont!
Missing character: There is no m in font nullfont!

./Матанчек.tex:73: Package inputenc Error: Unicode character З (U+0417)
(inputenc)                not set up for use with LaTeX.

See the inputenc package documentation for explanation.
Type  H <return>  for immediate help.
 ...                                              
                                                  
l.73 \newmdtheoremenv[nobreak=true]{problem}{З
                                               адача}
You may provide a definition with
\DeclareUnicodeCharacter 


./Матанчек.tex:73: Package inputenc Error: Unicode character а (U+0430)
(inputenc)                not set up for use with LaTeX.

See the inputenc package documentation for explanation.
Type  H <return>  for immediate help.
 ...                                              
                                                  
l.73 \newmdtheoremenv[nobreak=true]{problem}{За
                                                 дача}
You may provide a definition with
\DeclareUnicodeCharacter 


./Матанчек.tex:73: Package inputenc Error: Unicode character д (U+0434)
(inputenc)                not set up for use with LaTeX.

See the inputenc package documentation for explanation.
Type  H <return>  for immediate help.
 ...                                              
                                                  
l.73 ...mdtheoremenv[nobreak=true]{problem}{Зад
                                                  ача}
You may provide a definition with
\DeclareUnicodeCharacter 


./Матанчек.tex:73: Package inputenc Error: Unicode character а (U+0430)
(inputenc)                not set up for use with LaTeX.

See the inputenc package documentation for explanation.
Type  H <return>  for immediate help.
 ...                                              
                                                  
l.73 ...theoremenv[nobreak=true]{problem}{Зада
                                                  ча}
You may provide a definition with
\DeclareUnicodeCharacter 


./Матанчек.tex:73: Package inputenc Error: Unicode character ч (U+0447)
(inputenc)                not set up for use with LaTeX.

See the inputenc package documentation for explanation.
Type  H <return>  for immediate help.
 ...                                              
                                                  
l.73 ...eoremenv[nobreak=true]{problem}{Задач
                                                  а}
You may provide a definition with
\DeclareUnicodeCharacter 


./Матанчек.tex:73: Package inputenc Error: Unicode character а (U+0430)
(inputenc)                not set up for use with LaTeX.

See the inputenc package documentation for explanation.
Type  H <return>  for immediate help.
 ...                                              
                                                  
l.73 ...remenv[nobreak=true]{problem}{Задача
                                                  }
You may provide a definition with
\DeclareUnicodeCharacter 

./Матанчек.tex:74: Undefined control sequence.
l.74 \newmdtheoremenv
                     [nobreak=true]{property}{Свойство}
The control sequence at the end of the top line
of your error message was never \def'ed. If you have
misspelled it (e.g., `\hobx'), type `I' and the correct
spelling (e.g., `I\hbox'). Otherwise just continue,
and I'll forget about whatever was undefined.

Missing character: There is no [ in font nullfont!
Missing character: There is no n in font nullfont!
Missing character: There is no o in font nullfont!
Missing character: There is no b in font nullfont!
Missing character: There is no r in font nullfont!
Missing character: There is no e in font nullfont!
Missing character: There is no a in font nullfont!
Missing character: There is no k in font nullfont!
Missing character: There is no = in font nullfont!
Missing character: There is no t in font nullfont!
Missing character: There is no r in font nullfont!
Missing character: There is no u in font nullfont!
Missing character: There is no e in font nullfont!
Missing character: There is no ] in font nullfont!
Missing character: There is no p in font nullfont!
Missing character: There is no r in font nullfont!
Missing character: There is no o in font nullfont!
Missing character: There is no p in font nullfont!
Missing character: There is no e in font nullfont!
Missing character: There is no r in font nullfont!
Missing character: There is no t in font nullfont!
Missing character: There is no y in font nullfont!

./Матанчек.tex:74: Package inputenc Error: Unicode character С (U+0421)
(inputenc)                not set up for use with LaTeX.

See the inputenc package documentation for explanation.
Type  H <return>  for immediate help.
 ...                                              
                                                  
l.74 \newmdtheoremenv[nobreak=true]{property}{С
                                                войство}
You may provide a definition with
\DeclareUnicodeCharacter 


./Матанчек.tex:74: Package inputenc Error: Unicode character в (U+0432)
(inputenc)                not set up for use with LaTeX.

See the inputenc package documentation for explanation.
Type  H <return>  for immediate help.
 ...                                              
                                                  
l.74 \newmdtheoremenv[nobreak=true]{property}{Св
                                                  ойство}
You may provide a definition with
\DeclareUnicodeCharacter 


./Матанчек.tex:74: Package inputenc Error: Unicode character о (U+043E)
(inputenc)                not set up for use with LaTeX.

See the inputenc package documentation for explanation.
Type  H <return>  for immediate help.
 ...                                              
                                                  
l.74 ...dtheoremenv[nobreak=true]{property}{Сво
                                                  йство}
You may provide a definition with
\DeclareUnicodeCharacter 


./Матанчек.tex:74: Package inputenc Error: Unicode character й (U+0439)
(inputenc)                not set up for use with LaTeX.

See the inputenc package documentation for explanation.
Type  H <return>  for immediate help.
 ...                                              
                                                  
l.74 ...heoremenv[nobreak=true]{property}{Свой
                                                  ство}
You may provide a definition with
\DeclareUnicodeCharacter 


./Матанчек.tex:74: Package inputenc Error: Unicode character с (U+0441)
(inputenc)                not set up for use with LaTeX.

See the inputenc package documentation for explanation.
Type  H <return>  for immediate help.
 ...                                              
                                                  
l.74 ...oremenv[nobreak=true]{property}{Свойс
                                                  тво}
You may provide a definition with
\DeclareUnicodeCharacter 


./Матанчек.tex:74: Package inputenc Error: Unicode character т (U+0442)
(inputenc)                not set up for use with LaTeX.

See the inputenc package documentation for explanation.
Type  H <return>  for immediate help.
 ...                                              
                                                  
l.74 ...emenv[nobreak=true]{property}{Свойст
                                                  во}
You may provide a definition with
\DeclareUnicodeCharacter 


./Матанчек.tex:74: Package inputenc Error: Unicode character в (U+0432)
(inputenc)                not set up for use with LaTeX.

See the inputenc package documentation for explanation.
Type  H <return>  for immediate help.
 ...                                              
                                                  
l.74 ...env[nobreak=true]{property}{Свойств
                                                  о}
You may provide a definition with
\DeclareUnicodeCharacter 


./Матанчек.tex:74: Package inputenc Error: Unicode character о (U+043E)
(inputenc)                not set up for use with LaTeX.

See the inputenc package documentation for explanation.
Type  H <return>  for immediate help.
 ...                                              
                                                  
l.74 ...v[nobreak=true]{property}{Свойство
                                                  }
You may provide a definition with
\DeclareUnicodeCharacter 

./Матанчек.tex:75: Undefined control sequence.
l.75 \newmdtheoremenv
                     [nobreak=true]{statement}{Утверждение}
The control sequence at the end of the top line
of your error message was never \def'ed. If you have
misspelled it (e.g., `\hobx'), type `I' and the correct
spelling (e.g., `I\hbox'). Otherwise just continue,
and I'll forget about whatever was undefined.

Missing character: There is no [ in font nullfont!
Missing character: There is no n in font nullfont!
Missing character: There is no o in font nullfont!
Missing character: There is no b in font nullfont!
Missing character: There is no r in font nullfont!
Missing character: There is no e in font nullfont!
Missing character: There is no a in font nullfont!
Missing character: There is no k in font nullfont!
Missing character: There is no = in font nullfont!
Missing character: There is no t in font nullfont!
Missing character: There is no r in font nullfont!
Missing character: There is no u in font nullfont!
Missing character: There is no e in font nullfont!
Missing character: There is no ] in font nullfont!
Missing character: There is no s in font nullfont!
Missing character: There is no t in font nullfont!
Missing character: There is no a in font nullfont!
Missing character: There is no t in font nullfont!
Missing character: There is no e in font nullfont!
Missing character: There is no m in font nullfont!
Missing character: There is no e in font nullfont!
Missing character: There is no n in font nullfont!
Missing character: There is no t in font nullfont!

./Матанчек.tex:75: Package inputenc Error: Unicode character У (U+0423)
(inputenc)                not set up for use with LaTeX.

See the inputenc package documentation for explanation.
Type  H <return>  for immediate help.
 ...                                              
                                                  
l.75 \newmdtheoremenv[nobreak=true]{statement}{У
                                                 тверждение}
You may provide a definition with
\DeclareUnicodeCharacter 


./Матанчек.tex:75: Package inputenc Error: Unicode character т (U+0442)
(inputenc)                not set up for use with LaTeX.

See the inputenc package documentation for explanation.
Type  H <return>  for immediate help.
 ...                                              
                                                  
l.75 ...mdtheoremenv[nobreak=true]{statement}{Ут
                                                  верждение}
You may provide a definition with
\DeclareUnicodeCharacter 


./Матанчек.tex:75: Package inputenc Error: Unicode character в (U+0432)
(inputenc)                not set up for use with LaTeX.

See the inputenc package documentation for explanation.
Type  H <return>  for immediate help.
 ...                                              
                                                  
l.75 ...theoremenv[nobreak=true]{statement}{Утв
                                                  ерждение}
You may provide a definition with
\DeclareUnicodeCharacter 


./Матанчек.tex:75: Package inputenc Error: Unicode character е (U+0435)
(inputenc)                not set up for use with LaTeX.

See the inputenc package documentation for explanation.
Type  H <return>  for immediate help.
 ...                                              
                                                  
l.75 ...eoremenv[nobreak=true]{statement}{Утве
                                                  рждение}
You may provide a definition with
\DeclareUnicodeCharacter 


./Матанчек.tex:75: Package inputenc Error: Unicode character р (U+0440)
(inputenc)                not set up for use with LaTeX.

See the inputenc package documentation for explanation.
Type  H <return>  for immediate help.
 ...                                              
                                                  
l.75 ...remenv[nobreak=true]{statement}{Утвер
                                                  ждение}
You may provide a definition with
\DeclareUnicodeCharacter 


./Матанчек.tex:75: Package inputenc Error: Unicode character ж (U+0436)
(inputenc)                not set up for use with LaTeX.

See the inputenc package documentation for explanation.
Type  H <return>  for immediate help.
 ...                                              
                                                  
l.75 ...menv[nobreak=true]{statement}{Утверж
                                                  дение}
You may provide a definition with
\DeclareUnicodeCharacter 


./Матанчек.tex:75: Package inputenc Error: Unicode character д (U+0434)
(inputenc)                not set up for use with LaTeX.

See the inputenc package documentation for explanation.
Type  H <return>  for immediate help.
 ...                                              
                                                  
l.75 ...nv[nobreak=true]{statement}{Утвержд
                                                  ение}
You may provide a definition with
\DeclareUnicodeCharacter 


./Матанчек.tex:75: Package inputenc Error: Unicode character е (U+0435)
(inputenc)                not set up for use with LaTeX.

See the inputenc package documentation for explanation.
Type  H <return>  for immediate help.
 ...                                              
                                                  
l.75 ...[nobreak=true]{statement}{Утвержде
                                                  ние}
You may provide a definition with
\DeclareUnicodeCharacter 


./Матанчек.tex:75: Package inputenc Error: Unicode character н (U+043D)
(inputenc)                not set up for use with LaTeX.

See the inputenc package documentation for explanation.
Type  H <return>  for immediate help.
 ...                                              
                                                  
l.75 ...obreak=true]{statement}{Утвержден
                                                  ие}
You may provide a definition with
\DeclareUnicodeCharacter 


./Матанчек.tex:75: Package inputenc Error: Unicode character и (U+0438)
(inputenc)                not set up for use with LaTeX.

See the inputenc package documentation for explanation.
Type  H <return>  for immediate help.
 ...                                              
                                                  
l.75 ...reak=true]{statement}{Утверждени
                                                  е}
You may provide a definition with
\DeclareUnicodeCharacter 


./Матанчек.tex:75: Package inputenc Error: Unicode character е (U+0435)
(inputenc)                not set up for use with LaTeX.

See the inputenc package documentation for explanation.
Type  H <return>  for immediate help.
 ...                                              
                                                  
l.75 ...ak=true]{statement}{Утверждение
                                                  }
You may provide a definition with
\DeclareUnicodeCharacter 

./Матанчек.tex:76: Undefined control sequence.
l.76 \newmdtheoremenv
                     [nobreak=true]{corollary}{Следствие}
The control sequence at the end of the top line
of your error message was never \def'ed. If you have
misspelled it (e.g., `\hobx'), type `I' and the correct
spelling (e.g., `I\hbox'). Otherwise just continue,
and I'll forget about whatever was undefined.

Missing character: There is no [ in font nullfont!
Missing character: There is no n in font nullfont!
Missing character: There is no o in font nullfont!
Missing character: There is no b in font nullfont!
Missing character: There is no r in font nullfont!
Missing character: There is no e in font nullfont!
Missing character: There is no a in font nullfont!
Missing character: There is no k in font nullfont!
Missing character: There is no = in font nullfont!
Missing character: There is no t in font nullfont!
Missing character: There is no r in font nullfont!
Missing character: There is no u in font nullfont!
Missing character: There is no e in font nullfont!
Missing character: There is no ] in font nullfont!
Missing character: There is no c in font nullfont!
Missing character: There is no o in font nullfont!
Missing character: There is no r in font nullfont!
Missing character: There is no o in font nullfont!
Missing character: There is no l in font nullfont!
Missing character: There is no l in font nullfont!
Missing character: There is no a in font nullfont!
Missing character: There is no r in font nullfont!
Missing character: There is no y in font nullfont!

./Матанчек.tex:76: Package inputenc Error: Unicode character С (U+0421)
(inputenc)                not set up for use with LaTeX.

See the inputenc package documentation for explanation.
Type  H <return>  for immediate help.
 ...                                              
                                                  
l.76 \newmdtheoremenv[nobreak=true]{corollary}{С
                                                 ледствие}
You may provide a definition with
\DeclareUnicodeCharacter 


./Матанчек.tex:76: Package inputenc Error: Unicode character л (U+043B)
(inputenc)                not set up for use with LaTeX.

See the inputenc package documentation for explanation.
Type  H <return>  for immediate help.
 ...                                              
                                                  
l.76 ...mdtheoremenv[nobreak=true]{corollary}{Сл
                                                  едствие}
You may provide a definition with
\DeclareUnicodeCharacter 


./Матанчек.tex:76: Package inputenc Error: Unicode character е (U+0435)
(inputenc)                not set up for use with LaTeX.

See the inputenc package documentation for explanation.
Type  H <return>  for immediate help.
 ...                                              
                                                  
l.76 ...theoremenv[nobreak=true]{corollary}{Сле
                                                  дствие}
You may provide a definition with
\DeclareUnicodeCharacter 


./Матанчек.tex:76: Package inputenc Error: Unicode character д (U+0434)
(inputenc)                not set up for use with LaTeX.

See the inputenc package documentation for explanation.
Type  H <return>  for immediate help.
 ...                                              
                                                  
l.76 ...eoremenv[nobreak=true]{corollary}{След
                                                  ствие}
You may provide a definition with
\DeclareUnicodeCharacter 


./Матанчек.tex:76: Package inputenc Error: Unicode character с (U+0441)
(inputenc)                not set up for use with LaTeX.

See the inputenc package documentation for explanation.
Type  H <return>  for immediate help.
 ...                                              
                                                  
l.76 ...remenv[nobreak=true]{corollary}{Следс
                                                  твие}
You may provide a definition with
\DeclareUnicodeCharacter 


./Матанчек.tex:76: Package inputenc Error: Unicode character т (U+0442)
(inputenc)                not set up for use with LaTeX.

See the inputenc package documentation for explanation.
Type  H <return>  for immediate help.
 ...                                              
                                                  
l.76 ...menv[nobreak=true]{corollary}{Следст
                                                  вие}
You may provide a definition with
\DeclareUnicodeCharacter 


./Матанчек.tex:76: Package inputenc Error: Unicode character в (U+0432)
(inputenc)                not set up for use with LaTeX.

See the inputenc package documentation for explanation.
Type  H <return>  for immediate help.
 ...                                              
                                                  
l.76 ...nv[nobreak=true]{corollary}{Следств
                                                  ие}
You may provide a definition with
\DeclareUnicodeCharacter 


./Матанчек.tex:76: Package inputenc Error: Unicode character и (U+0438)
(inputenc)                not set up for use with LaTeX.

See the inputenc package documentation for explanation.
Type  H <return>  for immediate help.
 ...                                              
                                                  
l.76 ...[nobreak=true]{corollary}{Следстви
                                                  е}
You may provide a definition with
\DeclareUnicodeCharacter 


./Матанчек.tex:76: Package inputenc Error: Unicode character е (U+0435)
(inputenc)                not set up for use with LaTeX.

See the inputenc package documentation for explanation.
Type  H <return>  for immediate help.
 ...                                              
                                                  
l.76 ...obreak=true]{corollary}{Следствие
                                                  }
You may provide a definition with
\DeclareUnicodeCharacter 


./Матанчек.tex:77: LaTeX Error: Command \* already defined.
               Or name \end... illegal, see p.192 of the manual.

See the LaTeX manual or LaTeX Companion for explanation.
Type  H <return>  for immediate help.
 ...                                              
                                                  
l.77 \newtheorem*{note}{
                        Замечание}
Your command was ignored.
Type  I <command> <return>  to replace it with another command,
or  <return>  to continue without it.


./Матанчек.tex:77: Package inputenc Error: Unicode character З (U+0417)
(inputenc)                not set up for use with LaTeX.

See the inputenc package documentation for explanation.
Type  H <return>  for immediate help.
 ...                                              
                                                  
l.77 \newtheorem*{note}{З
                          амечание}
You may provide a definition with
\DeclareUnicodeCharacter 


./Матанчек.tex:77: Package inputenc Error: Unicode character а (U+0430)
(inputenc)                not set up for use with LaTeX.

See the inputenc package documentation for explanation.
Type  H <return>  for immediate help.
 ...                                              
                                                  
l.77 \newtheorem*{note}{За
                            мечание}
You may provide a definition with
\DeclareUnicodeCharacter 


./Матанчек.tex:77: Package inputenc Error: Unicode character м (U+043C)
(inputenc)                not set up for use with LaTeX.

See the inputenc package documentation for explanation.
Type  H <return>  for immediate help.
 ...                                              
                                                  
l.77 \newtheorem*{note}{Зам
                              ечание}
You may provide a definition with
\DeclareUnicodeCharacter 


./Матанчек.tex:77: Package inputenc Error: Unicode character е (U+0435)
(inputenc)                not set up for use with LaTeX.

See the inputenc package documentation for explanation.
Type  H <return>  for immediate help.
 ...                                              
                                                  
l.77 \newtheorem*{note}{Заме
                                чание}
You may provide a definition with
\DeclareUnicodeCharacter 


./Матанчек.tex:77: Package inputenc Error: Unicode character ч (U+0447)
(inputenc)                not set up for use with LaTeX.

See the inputenc package documentation for explanation.
Type  H <return>  for immediate help.
 ...                                              
                                                  
l.77 \newtheorem*{note}{Замеч
                                  ание}
You may provide a definition with
\DeclareUnicodeCharacter 


./Матанчек.tex:77: Package inputenc Error: Unicode character а (U+0430)
(inputenc)                not set up for use with LaTeX.

See the inputenc package documentation for explanation.
Type  H <return>  for immediate help.
 ...                                              
                                                  
l.77 \newtheorem*{note}{Замеча
                                    ние}
You may provide a definition with
\DeclareUnicodeCharacter 


./Матанчек.tex:77: Package inputenc Error: Unicode character н (U+043D)
(inputenc)                not set up for use with LaTeX.

See the inputenc package documentation for explanation.
Type  H <return>  for immediate help.
 ...                                              
                                                  
l.77 \newtheorem*{note}{Замечан
                                      ие}
You may provide a definition with
\DeclareUnicodeCharacter 


./Матанчек.tex:77: Package inputenc Error: Unicode character и (U+0438)
(inputenc)                not set up for use with LaTeX.

See the inputenc package documentation for explanation.
Type  H <return>  for immediate help.
 ...                                              
                                                  
l.77 \newtheorem*{note}{Замечани
                                        е}
You may provide a definition with
\DeclareUnicodeCharacter 


./Матанчек.tex:77: Package inputenc Error: Unicode character е (U+0435)
(inputenc)                not set up for use with LaTeX.

See the inputenc package documentation for explanation.
Type  H <return>  for immediate help.
 ...                                              
                                                  
l.77 \newtheorem*{note}{Замечание
                                          }
You may provide a definition with
\DeclareUnicodeCharacter 


./Матанчек.tex:78: LaTeX Error: Command \* already defined.
               Or name \end... illegal, see p.192 of the manual.

See the LaTeX manual or LaTeX Companion for explanation.
Type  H <return>  for immediate help.
 ...                                              
                                                  
l.78 \newtheorem*{example}{
                           Пример}
Your command was ignored.
Type  I <command> <return>  to replace it with another command,
or  <return>  to continue without it.


./Матанчек.tex:78: Package inputenc Error: Unicode character П (U+041F)
(inputenc)                not set up for use with LaTeX.

See the inputenc package documentation for explanation.
Type  H <return>  for immediate help.
 ...                                              
                                                  
l.78 \newtheorem*{example}{П
                             ример}
You may provide a definition with
\DeclareUnicodeCharacter 


./Матанчек.tex:78: Package inputenc Error: Unicode character р (U+0440)
(inputenc)                not set up for use with LaTeX.

See the inputenc package documentation for explanation.
Type  H <return>  for immediate help.
 ...                                              
                                                  
l.78 \newtheorem*{example}{Пр
                               имер}
You may provide a definition with
\DeclareUnicodeCharacter 


./Матанчек.tex:78: Package inputenc Error: Unicode character и (U+0438)
(inputenc)                not set up for use with LaTeX.

See the inputenc package documentation for explanation.
Type  H <return>  for immediate help.
 ...                                              
                                                  
l.78 \newtheorem*{example}{При
                                 мер}
You may provide a definition with
\DeclareUnicodeCharacter 


./Матанчек.tex:78: Package inputenc Error: Unicode character м (U+043C)
(inputenc)                not set up for use with LaTeX.

See the inputenc package documentation for explanation.
Type  H <return>  for immediate help.
 ...                                              
                                                  
l.78 \newtheorem*{example}{Прим
                                   ер}
You may provide a definition with
\DeclareUnicodeCharacter 


./Матанчек.tex:78: Package inputenc Error: Unicode character е (U+0435)
(inputenc)                not set up for use with LaTeX.

See the inputenc package documentation for explanation.
Type  H <return>  for immediate help.
 ...                                              
                                                  
l.78 \newtheorem*{example}{Приме
                                     р}
You may provide a definition with
\DeclareUnicodeCharacter 


./Матанчек.tex:78: Package inputenc Error: Unicode character р (U+0440)
(inputenc)                not set up for use with LaTeX.

See the inputenc package documentation for explanation.
Type  H <return>  for immediate help.
 ...                                              
                                                  
l.78 \newtheorem*{example}{Пример
                                       }
You may provide a definition with
\DeclareUnicodeCharacter 


./Матанчек.tex:79: LaTeX Error: Command \qedsymbol undefined.

See the LaTeX manual or LaTeX Companion for explanation.
Type  H <return>  for immediate help.
 ...                                              
                                                  
l.79 \renewcommand\qedsymbol
                            {$\blacksquare$}
(That makes 100 errors; please try again.) 
Here is how much of TeX's memory you used:
 48 strings out of 481239
 717 string characters out of 5920377
 236562 words of memory out of 5000000
 15415 multiletter control sequences out of 15000+600000
 532338 words of font info for 24 fonts, out of 8000000 for 9000
 1141 hyphenation exceptions out of 8191
 12i,0n,15p,140b,25s stack positions out of 5000i,500n,10000p,200000b,80000s

./Матанчек.tex:79:  ==> Fatal error occurred, no output PDF file produced!
